Using pre-set license
Built from '2020.3/staging' branch; Version is '2020.3.14f1 (d0d1bb862f9d) revision 13685179'; Using compiler version '192528614'; Build Type 'Release'
OS: 'Windows 10 Home; OS build 19043.1237; Version 2009; 64bit' Language: 'en' Physical Memory: 8075 MB
BatchMode: 1, IsHumanControllingUs: 0, StartBugReporterOnCrash: 0, Is64bit: 1, IsPro: 0

 COMMAND LINE ARGUMENTS:
D:\Unity\2020.3.14f1\Editor\Unity.exe
-adb2
-batchMode
-noUpm
-name
AssetImportWorker1
-projectPath
D:/GitHub/De-Crypt-it-Escape-Room-/De-Crypt It
-logFile
Logs/AssetImportWorker1.log
-srvPort
51123
Successfully changed project path to: D:/GitHub/De-Crypt-it-Escape-Room-/De-Crypt It
D:/GitHub/De-Crypt-it-Escape-Room-/De-Crypt It
Using Asset Import Pipeline V2.
Refreshing native plugins compatible for Editor in 334.31 ms, found 2 plugins.
Preloading 0 native plugins for Editor in 0.00 ms.
Initialize engine version: 2020.3.14f1 (d0d1bb862f9d)
[Subsystems] Discovering subsystems at path D:/Unity/2020.3.14f1/Editor/Data/Resources/UnitySubsystems
[Subsystems] Discovering subsystems at path D:/GitHub/De-Crypt-it-Escape-Room-/De-Crypt It/Assets
GfxDevice: creating device client; threaded=0
Direct3D:
    Version:  Direct3D 11.0 [level 11.1]
    Renderer: NVIDIA GeForce GTX 1050 Ti (ID=0x1c8c)
    Vendor:   
    VRAM:     4029 MB
    Driver:   23.21.13.8816
Initialize mono
Mono path[0] = 'D:/Unity/2020.3.14f1/Editor/Data/Managed'
Mono path[1] = 'D:/Unity/2020.3.14f1/Editor/Data/MonoBleedingEdge/lib/mono/unityjit'
Mono config path = 'D:/Unity/2020.3.14f1/Editor/Data/MonoBleedingEdge/etc'
Using monoOptions --debugger-agent=transport=dt_socket,embedding=1,server=y,suspend=n,address=127.0.0.1:56524
Begin MonoManager ReloadAssembly
Registering precompiled unity dll's ...
Register platform support module: D:/Unity/2020.3.14f1/Editor/Data/PlaybackEngines/WebGLSupport/UnityEditor.WebGL.Extensions.dll
Register platform support module: D:/Unity/2020.3.14f1/Editor/Data/PlaybackEngines/WindowsStandaloneSupport/UnityEditor.WindowsStandalone.Extensions.dll
Registered in 0.001850 seconds.
Native extension for WindowsStandalone target not found
Native extension for WebGL target not found
Refreshing native plugins compatible for Editor in 89.89 ms, found 2 plugins.
Preloading 0 native plugins for Editor in 0.00 ms.
Mono: successfully reloaded assembly
- Completed reload, in  2.651 seconds
Domain Reload Profiling:
	ReloadAssembly (2651ms)
		BeginReloadAssembly (215ms)
			ExecutionOrderSort (0ms)
			DisableScriptedObjects (0ms)
			BackupInstance (0ms)
			ReleaseScriptingObjects (0ms)
			CreateAndSetChildDomain (3ms)
		EndReloadAssembly (871ms)
			LoadAssemblies (207ms)
			RebuildTransferFunctionScriptingTraits (0ms)
			SetupTypeCache (326ms)
			ReleaseScriptCaches (0ms)
			RebuildScriptCaches (69ms)
			SetupLoadedEditorAssemblies (334ms)
				LogAssemblyErrors (0ms)
				InitializePlatformSupportModulesInManaged (7ms)
				SetLoadedEditorAssemblies (0ms)
				RefreshPlugins (90ms)
				BeforeProcessingInitializeOnLoad (13ms)
				ProcessInitializeOnLoadAttributes (163ms)
				ProcessInitializeOnLoadMethodAttributes (60ms)
				AfterProcessingInitializeOnLoad (0ms)
				EditorAssembliesLoaded (0ms)
			ExecutionOrderSort2 (0ms)
			AwakeInstancesAfterBackupRestoration (0ms)
Platform modules already initialized, skipping
Registering precompiled user dll's ...
Registered in 0.011288 seconds.
Begin MonoManager ReloadAssembly
Native extension for WindowsStandalone target not found
Native extension for WebGL target not found
Refreshing native plugins compatible for Editor in 0.82 ms, found 2 plugins.
Preloading 0 native plugins for Editor in 0.00 ms.
Mono: successfully reloaded assembly
- Completed reload, in  2.850 seconds
Domain Reload Profiling:
	ReloadAssembly (2951ms)
		BeginReloadAssembly (343ms)
			ExecutionOrderSort (10ms)
			DisableScriptedObjects (7ms)
			BackupInstance (0ms)
			ReleaseScriptingObjects (0ms)
			CreateAndSetChildDomain (37ms)
		EndReloadAssembly (2497ms)
			LoadAssemblies (576ms)
			RebuildTransferFunctionScriptingTraits (0ms)
			SetupTypeCache (732ms)
			ReleaseScriptCaches (1ms)
			RebuildScriptCaches (175ms)
			SetupLoadedEditorAssemblies (697ms)
				LogAssemblyErrors (0ms)
				InitializePlatformSupportModulesInManaged (13ms)
				SetLoadedEditorAssemblies (1ms)
				RefreshPlugins (1ms)
				BeforeProcessingInitializeOnLoad (99ms)
				ProcessInitializeOnLoadAttributes (560ms)
				ProcessInitializeOnLoadMethodAttributes (15ms)
				AfterProcessingInitializeOnLoad (9ms)
				EditorAssembliesLoaded (0ms)
			ExecutionOrderSort2 (0ms)
			AwakeInstancesAfterBackupRestoration (21ms)
Platform modules already initialized, skipping
========================================================================
Worker process is ready to serve import requests
Launched and connected shader compiler UnityShaderCompiler.exe after 0.38 seconds
Refreshing native plugins compatible for Editor in 0.66 ms, found 2 plugins.
Preloading 0 native plugins for Editor in 0.00 ms.
Unloading 1562 Unused Serialized files (Serialized files now loaded: 0)
System memory in use before: 78.1 MB.
System memory in use after: 78.2 MB.

Unloading 19 unused Assets to reduce memory usage. Loaded Objects now: 2007.
Total: 7.632400 ms (FindLiveObjects: 0.390500 ms CreateObjectMapping: 1.292900 ms MarkObjects: 5.814600 ms  DeleteObjects: 0.132300 ms)

AssetImportParameters requested are different than current active one (requested -> active):
  custom:framework-win-MediaFoundation: 216162199b28c13a410421893ffa2e32 -> 
  custom:video-decoder-ogg-theora: a1e56fd34408186e4bbccfd4996cb3dc -> 
  custom:container-muxer-webm: aa71ff27fc2769a1b78a27578f13a17b -> 
  custom:container-demuxer-webm: 4f35f7cbe854078d1ac9338744f61a02 -> 
  custom:container-demuxer-ogg: 62fdf1f143b41e24485cea50d1cbac27 -> 
  custom:video-encoder-webm-vp8: eb34c28f22e8b96e1ab97ce403110664 -> 
  custom:video-decoder-webm-vp8: 9c59270c3fd7afecdb556c50c9e8de78 -> 
  custom:audio-decoder-ogg-vorbis: bf7c407c2cedff20999df2af8eb42d56 -> 
  custom:audio-encoder-webm-vorbis: bf7c407c2cedff20999df2af8eb42d56 -> 
========================================================================
Received Import Request.
  path: Assets/Materials/ServerRoom/activatedKeypad.mat
  artifactKey: Guid(46e83b4017dc9184f8bbeb7508965df2) Importer(815301076,1909f56bfc062723c751e8b465ee728b)
Start importing Assets/Materials/ServerRoom/activatedKeypad.mat using Guid(46e83b4017dc9184f8bbeb7508965df2) Importer(815301076,1909f56bfc062723c751e8b465ee728b)  -> (artifact id: 'b53faefb81525c7a3c7596a23193ec86') in 0.932725 seconds 
  Import took 0.964697 seconds .

========================================================================
Received Import Request.
  Time since last request: 0.000310 seconds.
  path: Assets/Materials/ServerRoom/DecoyPintTaskScreen1.mat
  artifactKey: Guid(d19f3666e345e6f4db59bbb82e368934) Importer(815301076,1909f56bfc062723c751e8b465ee728b)
Start importing Assets/Materials/ServerRoom/DecoyPintTaskScreen1.mat using Guid(d19f3666e345e6f4db59bbb82e368934) Importer(815301076,1909f56bfc062723c751e8b465ee728b)  -> (artifact id: 'da69ced1a2bd4082776279ac82f9c36e') in 0.068625 seconds 
  Import took 0.098996 seconds .

========================================================================
Received Import Request.
  Time since last request: 0.002656 seconds.
  path: Assets/Materials/ServerRoom/PCLockedGlitch.mat
  artifactKey: Guid(8bbea29fc08ae404280c4c6c6e12eb40) Importer(815301076,1909f56bfc062723c751e8b465ee728b)
Start importing Assets/Materials/ServerRoom/PCLockedGlitch.mat using Guid(8bbea29fc08ae404280c4c6c6e12eb40) Importer(815301076,1909f56bfc062723c751e8b465ee728b)  -> (artifact id: 'f481bf2eb9e5bd473ca80171ae621668') in 0.133508 seconds 
  Import took 0.157333 seconds .

========================================================================
Received Import Request.
  Time since last request: 0.000384 seconds.
  path: Assets/Textures/ServerRoom/card.jpg
  artifactKey: Guid(19e9de1924589694bb87b2f9648fb573) Importer(815301076,1909f56bfc062723c751e8b465ee728b)
Start importing Assets/Textures/ServerRoom/card.jpg using Guid(19e9de1924589694bb87b2f9648fb573) Importer(815301076,1909f56bfc062723c751e8b465ee728b)  -> (artifact id: 'b9f7413c20b37f066284bbd30c608a0b') in 0.144494 seconds 
  Import took 0.212989 seconds .

========================================================================
Received Import Request.
  Time since last request: 0.000377 seconds.
  path: Assets/Materials/ServerRoom/KeypadLockedMsg.mat
  artifactKey: Guid(3300b39bbdec60046952b640ea58f486) Importer(815301076,1909f56bfc062723c751e8b465ee728b)
Start importing Assets/Materials/ServerRoom/KeypadLockedMsg.mat using Guid(3300b39bbdec60046952b640ea58f486) Importer(815301076,1909f56bfc062723c751e8b465ee728b)  -> (artifact id: '877dec9e196cd8030aed1c2e7d57ae5a') in 0.106774 seconds 
  Import took 0.192275 seconds .

========================================================================
Received Import Request.
  Time since last request: 0.000410 seconds.
  path: Assets/Materials/ServerRoom/KeypadUnlockedMsg.mat
  artifactKey: Guid(74dc3a929ecaecc4fb1169842b1b8545) Importer(815301076,1909f56bfc062723c751e8b465ee728b)
Start importing Assets/Materials/ServerRoom/KeypadUnlockedMsg.mat using Guid(74dc3a929ecaecc4fb1169842b1b8545) Importer(815301076,1909f56bfc062723c751e8b465ee728b)  -> (artifact id: '997c6622dc4f771e8e654f8bc1b7513c') in 0.121447 seconds 
  Import took 0.157613 seconds .

========================================================================
Received Import Request.
  Time since last request: 0.000337 seconds.
  path: Assets/Materials/ServerRoom/PingTaskScreen2.mat
  artifactKey: Guid(723e809f0c258c140ae7428368bb97cd) Importer(815301076,1909f56bfc062723c751e8b465ee728b)
Start importing Assets/Materials/ServerRoom/PingTaskScreen2.mat using Guid(723e809f0c258c140ae7428368bb97cd) Importer(815301076,1909f56bfc062723c751e8b465ee728b)  -> (artifact id: '1eb5facf638b23a88540f021613ad05f') in 0.056225 seconds 
  Import took 0.106875 seconds .

========================================================================
Received Import Request.
  Time since last request: 0.000653 seconds.
  path: Assets/Materials/ServerRoom/CardMaterial.mat
  artifactKey: Guid(fe40d12968218df4e9ea97dfb8f14ae3) Importer(815301076,1909f56bfc062723c751e8b465ee728b)
Start importing Assets/Materials/ServerRoom/CardMaterial.mat using Guid(fe40d12968218df4e9ea97dfb8f14ae3) Importer(815301076,1909f56bfc062723c751e8b465ee728b)  -> (artifact id: 'abad97e98300ecd196854258a5e641d6') in 0.040025 seconds 
  Import took 0.103134 seconds .

========================================================================
Received Import Request.
  Time since last request: 0.000322 seconds.
  path: Assets/Materials/ServerRoom/PingTaskScreen1.mat
  artifactKey: Guid(79901f0684532354988cba474b4cb094) Importer(815301076,1909f56bfc062723c751e8b465ee728b)
Start importing Assets/Materials/ServerRoom/PingTaskScreen1.mat using Guid(79901f0684532354988cba474b4cb094) Importer(815301076,1909f56bfc062723c751e8b465ee728b)  -> (artifact id: '140b8639ab5667234cbc7d11b1c8bc8c') in 0.089972 seconds 
  Import took 0.102191 seconds .

========================================================================
Received Import Request.
  Time since last request: 0.000751 seconds.
  path: Assets/Materials/ServerRoom/DecoyPintTaskScreen2.mat
  artifactKey: Guid(0f44c0bb060a81749b63bbb2c92a4f77) Importer(815301076,1909f56bfc062723c751e8b465ee728b)
Start importing Assets/Materials/ServerRoom/DecoyPintTaskScreen2.mat using Guid(0f44c0bb060a81749b63bbb2c92a4f77) Importer(815301076,1909f56bfc062723c751e8b465ee728b)  -> (artifact id: 'e5f79c8e970f9739e4433f13e2819cc6') in 0.057258 seconds 
  Import took 0.087154 seconds .

========================================================================
Received Import Request.
  Time since last request: 568.124747 seconds.
  path: Assets/Materials/ServerRoom/CardMaterial.mat
  artifactKey: Guid(fe40d12968218df4e9ea97dfb8f14ae3) Importer(815301076,1909f56bfc062723c751e8b465ee728b)
Start importing Assets/Materials/ServerRoom/CardMaterial.mat using Guid(fe40d12968218df4e9ea97dfb8f14ae3) Importer(815301076,1909f56bfc062723c751e8b465ee728b)  -> (artifact id: 'bd2153856c72ab05795604bcf32a90bb') in 0.164728 seconds 
  Import took 0.224659 seconds .

========================================================================
Received Prepare
Registering precompiled user dll's ...
Registered in 0.141649 seconds.
Begin MonoManager ReloadAssembly
Native extension for WindowsStandalone target not found
Native extension for WebGL target not found
Refreshing native plugins compatible for Editor in 1.31 ms, found 2 plugins.
Preloading 0 native plugins for Editor in 0.00 ms.
Mono: successfully reloaded assembly
- Completed reload, in  3.189 seconds
Domain Reload Profiling:
	ReloadAssembly (3191ms)
		BeginReloadAssembly (686ms)
			ExecutionOrderSort (0ms)
			DisableScriptedObjects (22ms)
			BackupInstance (0ms)
			ReleaseScriptingObjects (0ms)
			CreateAndSetChildDomain (233ms)
		EndReloadAssembly (2352ms)
			LoadAssemblies (481ms)
			RebuildTransferFunctionScriptingTraits (0ms)
			SetupTypeCache (807ms)
			ReleaseScriptCaches (7ms)
			RebuildScriptCaches (492ms)
			SetupLoadedEditorAssemblies (608ms)
				LogAssemblyErrors (0ms)
				InitializePlatformSupportModulesInManaged (13ms)
				SetLoadedEditorAssemblies (1ms)
				RefreshPlugins (1ms)
				BeforeProcessingInitializeOnLoad (89ms)
				ProcessInitializeOnLoadAttributes (493ms)
				ProcessInitializeOnLoadMethodAttributes (4ms)
				AfterProcessingInitializeOnLoad (4ms)
				EditorAssembliesLoaded (3ms)
			ExecutionOrderSort2 (0ms)
			AwakeInstancesAfterBackupRestoration (9ms)
Platform modules already initialized, skipping
Refreshing native plugins compatible for Editor in 0.86 ms, found 2 plugins.
Preloading 0 native plugins for Editor in 0.00 ms.
Unloading 1542 Unused Serialized files (Serialized files now loaded: 0)
System memory in use before: 79.9 MB.
System memory in use after: 80.0 MB.

Unloading 14 unused Assets to reduce memory usage. Loaded Objects now: 2052.
Total: 5.173200 ms (FindLiveObjects: 0.347800 ms CreateObjectMapping: 0.134800 ms MarkObjects: 4.571500 ms  DeleteObjects: 0.117000 ms)

AssetImportParameters requested are different than current active one (requested -> active):
  custom:framework-win-MediaFoundation: 216162199b28c13a410421893ffa2e32 -> 
  custom:video-decoder-ogg-theora: a1e56fd34408186e4bbccfd4996cb3dc -> 
  custom:container-muxer-webm: aa71ff27fc2769a1b78a27578f13a17b -> 
  custom:container-demuxer-webm: 4f35f7cbe854078d1ac9338744f61a02 -> 
  custom:container-demuxer-ogg: 62fdf1f143b41e24485cea50d1cbac27 -> 
  custom:video-encoder-webm-vp8: eb34c28f22e8b96e1ab97ce403110664 -> 
  custom:video-decoder-webm-vp8: 9c59270c3fd7afecdb556c50c9e8de78 -> 
  custom:audio-decoder-ogg-vorbis: bf7c407c2cedff20999df2af8eb42d56 -> 
  custom:audio-encoder-webm-vorbis: bf7c407c2cedff20999df2af8eb42d56 -> 
AssetImportWorkerClient::OnTransportError - code=2 error=End of file
